[0;36m[INFO][0m Detected pnpm (pnpm-lock.yaml found)
[0;36m[INFO][0m Using package manager: pnpm
[0;36m[INFO][0m Dry run mode enabled
[0;36m[INFO][0m Detected pnpm (pnpm-lock.yaml found)
[0;36m[INFO][0m Using package manager: pnpm
[0;36m[INFO][0m No arguments provided, running 'dev' script...
[0;36m[INFO][0m Running script: dev
[0;36m[INFO][0m Executing: pnpm run dev

> ishemaryanjye@0.1.0 dev /Users/MacBook/projects/frontend/ishemaryanjye
> next dev --turbopack

   ▲ Next.js 15.3.0 (Turbopack)
   - Local:        http://localhost:3000
   - Network:      http://192.168.1.89:3000

 ✓ Starting...
 ✓ Compiled middleware in 114ms
 ✓ Ready in 1455ms
[0;36m[INFO][0m Detected pnpm (pnpm-lock.yaml found)
[0;36m[INFO][0m Using package manager: pnpm
[0;36m[INFO][0m Package Versions:
[0;36m[INFO][0m Executing: pnpm list
Legend: production dependency, optional only, dev only

ishemaryanjye@0.1.0 /Users/MacBook/projects/frontend/ishemaryanjye (PRIVATE)

dependencies:
@radix-ui/react-avatar 1.1.10
@radix-ui/react-dialog 1.1.15
@radix-ui/react-dropdown-menu 2.1.16
@radix-ui/react-label 2.1.7
@radix-ui/react-progress 1.1.7
@radix-ui/react-slot 1.2.3
@radix-ui/react-tabs 1.1.13
class-variance-authority 0.7.1
clsx 2.1.1
framer-motion 12.23.21
lucide-react 0.487.0
mongodb 6.20.0
mongoose 8.18.2
next 15.3.0
next-pwa 5.6.0
react 19.1.1
react-dom 19.1.1
sonner 2.0.7
tailwind-merge 3.3.1
tailwindcss-animate 1.0.7
tw-animate-css 1.4.0

devDependencies:
@tailwindcss/postcss 4.1.13
@types/node 20.19.17
@types/react 19.1.13
@types/react-dom 19.1.9
tailwindcss 4.1.13
typescript 5.9.2
[0;36m[INFO][0m Detected pnpm (pnpm-lock.yaml found)
[0;36m[INFO][0m Using package manager: pnpm
[0;36m[INFO][0m Verbose mode enabled
[0;36m[INFO][0m Detected pnpm (pnpm-lock.yaml found)
[0;36m[INFO][0m Using package manager: pnpm
[0;36m[INFO][0m Running script: build
[0;36m[INFO][0m Executing: pnpm run build

> ishemaryanjye@0.1.0 build /Users/MacBook/projects/frontend/ishemaryanjye
> next build

   ▲ Next.js 15.3.0

   Creating an optimized production build ...
 ✓ Compiled successfully in 2000ms
   Linting and checking validity of types ...
   Collecting page data ...
   Generating static pages (0/19) ...
   Generating static pages (4/19) 
   Generating static pages (9/19) 
   Generating static pages (14/19) 
 ✓ Generating static pages (19/19)
   Finalizing page optimization ...
   Collecting build traces ...

Route (app)                                 Size  First Load JS
┌ ○ /                                    6.57 kB         212 kB
├ ○ /_not-found                            975 B         103 kB
├ ƒ /api/game-content                      145 B         102 kB
├ ○ /apple-icon.png                          0 B            0 B
├ ○ /auth                                5.18 kB         167 kB
├ ○ /connect                             4.32 kB         157 kB
├ ○ /dashboard                           4.58 kB         176 kB
├ ○ /game                                  21 kB         228 kB
├ ○ /game-selection                      4.18 kB         157 kB
├ ○ /icon0.svg                               0 B            0 B
├ ○ /icon1.png                               0 B            0 B
├ ○ /info                                 4.8 kB         172 kB
├ ○ /manifest.webmanifest                  145 B         102 kB
├ ○ /multiplayer                         19.9 kB         224 kB
├ ○ /premium                             6.01 kB         205 kB
└ ○ /profile                             4.32 kB         166 kB
+ First Load JS shared by all             102 kB
  ├ chunks/454-110a8a60fd2ae1c1.js       46.7 kB
  ├ chunks/ee239c0f-05e8353fda495b9a.js  53.2 kB
  └ other shared chunks (total)          1.92 kB


ƒ Middleware                             33.2 kB

○  (Static)   prerendered as static content
ƒ  (Dynamic)  server-rendered on demand

[0;36m[INFO][0m Detected pnpm (pnpm-lock.yaml found)
[0;36m[INFO][0m Using package manager: pnpm
[0;36m[INFO][0m Running script: build
[0;36m[INFO][0m Executing: pnpm run build

> ishemaryanjye@0.1.0 build /Users/MacBook/projects/frontend/ishemaryanjye
> next build

   ▲ Next.js 15.3.0

   Creating an optimized production build ...
 ✓ Compiled successfully in 2000ms
   Linting and checking validity of types ...
   Collecting page data ...
   Generating static pages (0/19) ...
   Generating static pages (4/19) 
   Generating static pages (9/19) 
   Generating static pages (14/19) 
 ✓ Generating static pages (19/19)
   Finalizing page optimization ...
   Collecting build traces ...

Route (app)                                 Size  First Load JS
┌ ○ /                                    6.57 kB         212 kB
├ ○ /_not-found                            975 B         103 kB
├ ƒ /api/game-content                      145 B         102 kB
├ ○ /apple-icon.png                          0 B            0 B
├ ○ /auth                                5.18 kB         167 kB
├ ○ /connect                             4.32 kB         157 kB
├ ○ /dashboard                           4.58 kB         176 kB
├ ○ /game                                  21 kB         228 kB
├ ○ /game-selection                      4.18 kB         157 kB
├ ○ /icon0.svg                               0 B            0 B
├ ○ /icon1.png                               0 B            0 B
├ ○ /info                                 4.8 kB         172 kB
├ ○ /manifest.webmanifest                  145 B         102 kB
├ ○ /multiplayer                         19.9 kB         224 kB
├ ○ /premium                             6.01 kB         205 kB
└ ○ /profile                             4.32 kB         166 kB
+ First Load JS shared by all             102 kB
  ├ chunks/454-110a8a60fd2ae1c1.js       46.7 kB
  ├ chunks/ee239c0f-05e8353fda495b9a.js  53.2 kB
  └ other shared chunks (total)          1.92 kB


ƒ Middleware                             33.2 kB

○  (Static)   prerendered as static content
ƒ  (Dynamic)  server-rendered on demand

[0;36m[INFO][0m Detected pnpm (pnpm-lock.yaml found)
[0;36m[INFO][0m Using package manager: pnpm
[0;36m[INFO][0m No arguments provided, running 'dev' script...
[0;36m[INFO][0m Running script: dev
[0;36m[INFO][0m Executing: pnpm run dev

> ishemaryanjye@0.1.0 dev /Users/MacBook/projects/frontend/ishemaryanjye
> next dev --turbopack

   ▲ Next.js 15.3.0 (Turbopack)
   - Local:        http://localhost:3000
   - Network:      http://10.225.22.234:3000

 ✓ Starting...
 ✓ Compiled middleware in 85ms
 ✓ Ready in 2.3s
 ○ Compiling / ...
 ✓ Compiled / in 1789ms
 GET / 200 in 2077ms
 GET / 200 in 108ms
 ○ Compiling /icon0.svg ...
 GET /manifest.webmanifest 200 in 515ms
 ✓ Compiled /icon0.svg in 693ms
 GET /icons/icon-512x512.png 404 in 612ms
 GET /icon0.svg?icon0.28a61004.svg 200 in 746ms
 GET /icon0.svg?icon0.28a61004.svg 200 in 749ms
 ○ Compiling /info ...
 ✓ Compiled /info in 530ms
 GET /info 200 in 560ms
 ○ Compiling /premium ...
 ✓ Compiled /premium in 741ms
 GET /premium 200 in 776ms
 GET /premium 200 in 44ms
 GET /simple 404 in 52ms
 GET /manifest.webmanifest 200 in 22ms
 GET / 200 in 70ms
 GET /icons/icon-512x512.png 404 in 67ms
 GET / 200 in 52ms
 GET /icon0.svg?icon0.28a61004.svg 200 in 238ms
 ✓ Compiled /api/game-content in 321ms
Fetching from backend: https://admin.hporwanda.org/api/game-content/?language=english
Error fetching game content: TypeError: fetch failed
    at async GET (app/api/game-content/route.ts:13:21)
  11 |     console.log('Fetching from backend:', backendUrl);
  12 |     
> 13 |     const response = await fetch(backendUrl, {
     |                     ^
  14 |       method: 'GET',
  15 |       headers: {
  16 |         'Content-Type': 'application/json', {
  [cause]: [Error [ConnectTimeoutError]: Connect Timeout Error (attempted address: admin.hporwanda.org:443, timeout: 10000ms)] {
    code: 'UND_ERR_CONNECT_TIMEOUT'
  }
}
 GET /api/game-content?language=english 500 in 10968ms
 GET / 200 in 72ms
 GET /manifest.webmanifest 200 in 25ms
 GET /icons/icon-512x512.png 404 in 76ms
 GET / 200 in 78ms
 ✓ Compiled in 323ms
 ⚠ Fast Refresh had to perform a full reload when ./contexts/language-context.tsx changed. Read more: https://nextjs.org/docs/messages/fast-refresh-reload
 ✓ Compiled in 364ms
 GET / 200 in 703ms
 GET /manifest.webmanifest 200 in 56ms
 GET /icons/icon-512x512.png 404 in 187ms
 GET / 200 in 198ms
 ⚠ Fast Refresh had to perform a full reload when ./contexts/language-context.tsx changed. Read more: https://nextjs.org/docs/messages/fast-refresh-reload
 ✓ Compiled in 123ms
 GET / 200 in 165ms
 GET /manifest.webmanifest 200 in 31ms
 GET /icons/icon-512x512.png 404 in 79ms
 GET / 200 in 85ms
 ⚠ Fast Refresh had to perform a full reload when ./contexts/language-context.tsx changed. Read more: https://nextjs.org/docs/messages/fast-refresh-reload
 ✓ Compiled in 112ms
 GET / 200 in 218ms
 GET /manifest.webmanifest 200 in 32ms
 GET / 200 in 65ms
 GET /icons/icon-512x512.png 404 in 84ms
 ⚠ Fast Refresh had to perform a full reload when ./contexts/language-context.tsx changed. Read more: https://nextjs.org/docs/messages/fast-refresh-reload
 ✓ Compiled in 125ms
 GET / 200 in 185ms
 GET /manifest.webmanifest 200 in 35ms
 GET / 200 in 69ms
 GET /icons/icon-512x512.png 404 in 87ms
 ✓ Compiled in 113ms
 ✓ Compiled in 107ms
 ✓ Compiled / in 45ms
 GET / 200 in 161ms
 ✓ Compiled in 124ms
 ✓ Compiled in 141ms
 ✓ Compiled in 104ms
 ✓ Compiled in 128ms
 ✓ Compiled in 146ms
 ✓ Compiled in 111ms
 ⚠ Fast Refresh had to perform a full reload when ./contexts/language-context.tsx changed. Read more: https://nextjs.org/docs/messages/fast-refresh-reload
 ✓ Compiled in 112ms
 GET / 200 in 220ms
 GET /manifest.webmanifest 200 in 34ms
 GET / 200 in 70ms
 GET /icons/icon-512x512.png 404 in 89ms
 ⚠ Fast Refresh had to perform a full reload when ./contexts/language-context.tsx changed. Read more: https://nextjs.org/docs/messages/fast-refresh-reload
 ✓ Compiled in 110ms
 GET / 200 in 174ms
 GET /manifest.webmanifest 200 in 33ms
 GET / 200 in 72ms
 GET /icons/icon-512x512.png 404 in 89ms
 ⚠ Fast Refresh had to perform a full reload when ./contexts/language-context.tsx changed. Read more: https://nextjs.org/docs/messages/fast-refresh-reload
 ✓ Compiled in 119ms
 GET / 200 in 168ms
 GET /manifest.webmanifest 200 in 34ms
 GET / 200 in 91ms
 GET /icons/icon-512x512.png 404 in 89ms
 ✓ Compiled in 138ms
   Reload env: .env.local
 GET / 200 in 123ms
   Reload env: .env.local
 ✓ Compiled in 279ms
 GET / 200 in 361ms
 GET / 200 in 140ms
 GET /manifest.webmanifest 200 in 51ms
 GET / 200 in 112ms
 GET /icons/icon-512x512.png 404 in 108ms
 GET / 200 in 81ms
   Reload env: .env.local
 ✓ Compiled in 26ms
 GET / 200 in 100ms
 ✓ Compiled in 125ms
[0;36m[INFO][0m Detected pnpm (pnpm-lock.yaml found)
[0;36m[INFO][0m Using package manager: pnpm
[0;36m[INFO][0m Running script: build
[0;36m[INFO][0m Executing: pnpm run build

> ishemaryanjye@0.1.0 build /Users/MacBook/projects/frontend/ishemaryanjye
> next build

   ▲ Next.js 15.3.0
   - Environments: .env.local

   Creating an optimized production build ...
 ✓ Compiled successfully in 4.0s
   Linting and checking validity of types ...
   Collecting page data ...
   Generating static pages (0/19) ...
   Generating static pages (4/19) 
   Generating static pages (9/19) 
   Generating static pages (14/19) 
 ✓ Generating static pages (19/19)
   Finalizing page optimization ...
   Collecting build traces ...

Route (app)                                 Size  First Load JS
┌ ○ /                                    3.73 kB         217 kB
├ ○ /_not-found                            975 B         103 kB
├ ƒ /api/game-content                      145 B         102 kB
├ ○ /apple-icon.png                          0 B            0 B
├ ○ /auth                                5.22 kB         171 kB
├ ○ /connect                             4.32 kB         160 kB
├ ○ /dashboard                           4.96 kB         182 kB
├ ○ /game                                24.1 kB         232 kB
├ ○ /game-selection                      4.18 kB         160 kB
├ ○ /icon0.svg                               0 B            0 B
├ ○ /icon1.png                               0 B            0 B
├ ○ /info                                 4.8 kB         176 kB
├ ○ /manifest.webmanifest                  145 B         102 kB
├ ○ /multiplayer                         19.9 kB         228 kB
├ ○ /premium                             6.05 kB         208 kB
└ ○ /profile                             4.41 kB         170 kB
+ First Load JS shared by all             102 kB
  ├ chunks/454-110a8a60fd2ae1c1.js       46.7 kB
  ├ chunks/ee239c0f-05e8353fda495b9a.js  53.2 kB
  └ other shared chunks (total)          1.92 kB


ƒ Middleware                             33.2 kB

○  (Static)   prerendered as static content
ƒ  (Dynamic)  server-rendered on demand

[0;36m[INFO][0m Detected pnpm (pnpm-lock.yaml found)
[0;36m[INFO][0m Using package manager: pnpm
[0;36m[INFO][0m No arguments provided, running 'dev' script...
[0;36m[INFO][0m Running script: dev
[0;36m[INFO][0m Executing: pnpm run dev

> ishemaryanjye@0.1.0 dev /Users/MacBook/projects/frontend/ishemaryanjye
> next dev --turbopack

   ▲ Next.js 15.3.0 (Turbopack)
   - Local:        http://localhost:3000
   - Network:      http://192.168.0.5:3000
   - Environments: .env.local

 ✓ Starting...
 ✓ Compiled middleware in 111ms
 ✓ Ready in 1692ms
 ○ Compiling / ...
 ✓ Compiled / in 2.3s
 GET / 200 in 2586ms
 GET / 200 in 84ms
 ○ Compiling /icon0.svg ...
 GET /manifest.webmanifest 200 in 564ms
 ✓ Compiled /icon0.svg in 693ms
 GET /icons/icon-512x512.png 404 in 664ms
 GET /icon0.svg?icon0.28a61004.svg 200 in 787ms
 GET /icon0.svg?icon0.28a61004.svg 200 in 795ms
 ○ Compiling /info ...
 ✓ Compiled /info in 668ms
 GET /info 200 in 719ms
 ○ Compiling /auth ...
 ✓ Compiled /auth in 765ms
 GET /auth 200 in 818ms
 POST /undefined/api/v1/auth/login 404 in 68ms
 GET / 200 in 42ms
 ✓ Compiled /api/game-content in 319ms
Fetching from backend: https://admin.hporwanda.org/api/game-content/?language=english
Successfully fetched content, count: 6
 GET /api/game-content?language=english 200 in 4563ms
 GET /info 200 in 50ms
Fetching from backend: https://admin.hporwanda.org/api/game-content/?language=english
Successfully fetched content, count: 6
 GET /api/game-content?language=english 200 in 1485ms
 ✓ Compiled in 137ms
 ✓ Compiled in 141ms
 ○ Compiling /game-selection ...
 ✓ Compiled /game-selection in 624ms
 GET /game-selection 200 in 654ms
 GET / 200 in 109ms
 GET / 200 in 37ms
 GET /info 200 in 51ms
 ✓ Compiled in 289ms
 ✓ Compiled in 177ms
 ⚠ Fast Refresh had to perform a full reload due to a runtime error.
 ✓ Compiled in 146ms
 GET / 200 in 265ms
 GET /manifest.webmanifest 200 in 44ms
 GET / 200 in 94ms
 GET /icons/icon-512x512.png 404 in 91ms
 ⚠ Fast Refresh had to perform a full reload due to a runtime error.
 ✓ Compiled in 141ms
 GET / 200 in 146ms
 GET /manifest.webmanifest 200 in 34ms
 GET /icons/icon-512x512.png 404 in 84ms
 GET / 200 in 88ms
 ✓ Compiled in 132ms
 ⚠ Fast Refresh had to perform a full reload due to a runtime error.
 ✓ Compiled in 165ms
 GET / 200 in 149ms
 GET /manifest.webmanifest 200 in 45ms
 GET / 200 in 103ms
 GET /icons/icon-512x512.png 404 in 102ms
 GET /info 200 in 53ms
 ✓ Compiled in 139ms
 ✓ Compiled in 144ms
 ✓ Compiled in 132ms
 ✓ Compiled in 358ms
 ✓ Compiled in 180ms
 ✓ Compiled / in 56ms
 GET / 200 in 352ms
 GET /icon0.svg?icon0.28a61004.svg 200 in 276ms
 GET /icon0.svg?icon0.28a61004.svg 200 in 279ms
 GET /info 200 in 78ms
 GET /icon0.svg?icon0.28a61004.svg 200 in 266ms
 GET /icon0.svg?icon0.28a61004.svg 200 in 295ms
 ○ Compiling /premium ...
 ✓ Compiled /premium in 2.2s
 GET /premium 200 in 1279ms
 GET /premium 200 in 2294ms
 GET /icon0.svg?icon0.28a61004.svg 200 in 273ms
 GET /icon0.svg?icon0.28a61004.svg 200 in 275ms
 GET / 200 in 48ms
 GET /icon0.svg?icon0.28a61004.svg 200 in 260ms
 GET /icon0.svg?icon0.28a61004.svg 200 in 272ms
Fetching from backend: https://admin.hporwanda.org/api/game-content/?language=english
Successfully fetched content, count: 6
 GET /api/game-content?language=english 200 in 1454ms
Fetching from backend: https://admin.hporwanda.org/api/game-content/?language=french
Successfully fetched content, count: 0
 GET /api/game-content?language=french 200 in 1660ms
Fetching from backend: https://admin.hporwanda.org/api/game-content/?language=english
Successfully fetched content, count: 6
 GET /api/game-content?language=english 200 in 1157ms
Fetching from backend: https://admin.hporwanda.org/api/game-content/?language=french
Successfully fetched content, count: 0
 GET /api/game-content?language=french 200 in 1722ms
Fetching from backend: https://admin.hporwanda.org/api/game-content/?language=english
Successfully fetched content, count: 6
 GET /api/game-content?language=english 200 in 1216ms
Fetching from backend: https://admin.hporwanda.org/api/game-content/?language=english
Successfully fetched content, count: 6
 GET /api/game-content?language=english 200 in 1380ms
Fetching from backend: https://admin.hporwanda.org/api/game-content/?language=english
Successfully fetched content, count: 6
 GET /api/game-content?language=english 200 in 1150ms
 ✓ Compiled in 197ms
 GET / 200 in 201ms
 GET /manifest.webmanifest 200 in 38ms
 GET / 200 in 81ms
 GET /icons/icon-512x512.png 404 in 101ms
 GET /icon0.svg?icon0.28a61004.svg 200 in 243ms
 GET /icon0.svg?icon0.28a61004.svg 200 in 240ms
[0;36m[INFO][0m Detected pnpm (pnpm-lock.yaml found)
[0;36m[INFO][0m Using package manager: pnpm
[0;36m[INFO][0m Running script: build
[0;36m[INFO][0m Executing: pnpm run build

> ishemaryanjye@0.1.0 build /Users/MacBook/projects/frontend/ishemaryanjye
> next build

   ▲ Next.js 15.3.0
   - Environments: .env.local

   Creating an optimized production build ...
Failed to compile.

./app/api/players/public/route.ts
Module not found: Can't resolve '@/lib/mongodb'

https://nextjs.org/docs/messages/module-not-found

./app/api/players/public/route.ts
Module not found: Can't resolve '@/lib/models/user'

https://nextjs.org/docs/messages/module-not-found

./app/api/players/route.ts
Module not found: Can't resolve 'next-auth'

https://nextjs.org/docs/messages/module-not-found

./app/api/players/route.ts
Module not found: Can't resolve '@/lib/auth'

https://nextjs.org/docs/messages/module-not-found

./app/api/players/route.ts
Module not found: Can't resolve '@/lib/mongodb'

https://nextjs.org/docs/messages/module-not-found


> Build failed because of webpack errors
 ELIFECYCLE  Command failed with exit code 1.
[0;36m[INFO][0m Detected pnpm (pnpm-lock.yaml found)
[0;36m[INFO][0m Using package manager: pnpm
[0;36m[INFO][0m Running script: build
[0;36m[INFO][0m Executing: pnpm run build

> ishemaryanjye@0.1.0 build /Users/MacBook/projects/frontend/ishemaryanjye
> next build

   ▲ Next.js 15.3.0
   - Environments: .env.local

   Creating an optimized production build ...
Failed to compile.

./app/api/players/public/route.ts
Module not found: Can't resolve '@/lib/mongodb'

https://nextjs.org/docs/messages/module-not-found

./app/api/players/public/route.ts
Module not found: Can't resolve '@/lib/models/user'

https://nextjs.org/docs/messages/module-not-found

./app/api/players/route.ts
Module not found: Can't resolve 'next-auth'

https://nextjs.org/docs/messages/module-not-found

./app/api/players/route.ts
Module not found: Can't resolve '@/lib/auth'

https://nextjs.org/docs/messages/module-not-found

./app/api/players/route.ts
Module not found: Can't resolve '@/lib/mongodb'

https://nextjs.org/docs/messages/module-not-found


> Build failed because of webpack errors
 ELIFECYCLE  Command failed with exit code 1.
